\BOOKMARK [1][-]{section.1}{\376\377\000E\000i\000n\000l\000e\000i\000t\000u\000n\000g}{}% 1
\BOOKMARK [2][-]{subsection.1.1}{\376\377\000E\000i\000n\000f\000\374\000h\000r\000u\000n\000g\000\040\000i\000n\000\040\000d\000a\000s\000\040\000T\000h\000e\000m\000a}{section.1}% 2
\BOOKMARK [2][-]{subsection.1.2}{\376\377\000E\000r\000l\000\344\000u\000t\000e\000r\000u\000n\000g\000\040\000d\000e\000r\000\040\000F\000r\000a\000g\000e\000s\000t\000e\000l\000l\000u\000n\000g}{section.1}% 3
\BOOKMARK [2][-]{subsection.1.3}{\376\377\000B\000e\000s\000p\000r\000e\000c\000h\000u\000n\000g\000\040\000d\000e\000s\000\040\000D\000a\000t\000e\000n\000s\000a\000t\000z\000e\000s}{section.1}% 4
\BOOKMARK [2][-]{subsection.1.4}{\376\377\000D\000i\000e\000\040\000S\000t\000r\000u\000k\000t\000u\000r\000\040\000d\000e\000r\000\040\000A\000r\000b\000e\000i\000t}{section.1}% 5
\BOOKMARK [1][-]{section.2}{\376\377\000P\000l\000a\000k\000a\000t\000k\000u\000n\000s\000t}{}% 6
\BOOKMARK [2][-]{subsection.2.1}{\376\377\000D\000i\000e\000\040\000G\000e\000s\000c\000h\000i\000c\000h\000t\000e\000\040\000d\000e\000s\000\040\000P\000l\000a\000k\000a\000t\000s}{section.2}% 7
\BOOKMARK [2][-]{subsection.2.2}{\376\377\000H\000e\000r\000a\000u\000s\000f\000o\000r\000d\000e\000r\000u\000n\000g\000e\000n\000\040\000d\000e\000r\000\040\000B\000i\000l\000d\000e\000r\000k\000e\000n\000n\000u\000n\000g}{section.2}% 8
\BOOKMARK [3][-]{subsubsection.2.2.1}{\376\377\000D\000a\000s\000\040\000A\000u\000s\000s\000t\000e\000l\000l\000u\000n\000g\000s\000p\000l\000a\000k\000a\000t}{subsection.2.2}% 9
\BOOKMARK [3][-]{subsubsection.2.2.2}{\376\377\000D\000a\000s\000\040\000P\000r\000o\000g\000r\000a\000m\000m\000p\000l\000a\000k\000a\000t}{subsection.2.2}% 10
\BOOKMARK [3][-]{subsubsection.2.2.3}{\376\377\000D\000a\000s\000\040\000V\000e\000r\000a\000n\000s\000t\000a\000l\000t\000u\000n\000g\000s\000p\000l\000a\000k\000a\000t}{subsection.2.2}% 11
\BOOKMARK [3][-]{subsubsection.2.2.4}{\376\377\000D\000a\000s\000\040\000p\000o\000l\000i\000t\000i\000s\000c\000h\000e\000\040\000P\000l\000a\000k\000a\000t}{subsection.2.2}% 12
\BOOKMARK [3][-]{subsubsection.2.2.5}{\376\377\000D\000a\000s\000\040\000F\000i\000l\000m\000p\000l\000a\000k\000a\000t}{subsection.2.2}% 13
\BOOKMARK [3][-]{subsubsection.2.2.6}{\376\377\000D\000a\000s\000\040\000T\000h\000e\000a\000t\000e\000r\000p\000l\000a\000k\000a\000t}{subsection.2.2}% 14
\BOOKMARK [3][-]{subsubsection.2.2.7}{\376\377\000D\000a\000s\000\040\000P\000r\000o\000d\000u\000k\000t\000p\000l\000a\000k\000a\000t}{subsection.2.2}% 15
\BOOKMARK [3][-]{subsubsection.2.2.8}{\376\377\000D\000a\000s\000\040\000B\000u\000c\000h\000p\000l\000a\000k\000a\000t}{subsection.2.2}% 16
\BOOKMARK [3][-]{subsubsection.2.2.9}{\376\377\000S\000c\000h\000r\000i\000f\000t}{subsection.2.2}% 17
\BOOKMARK [3][-]{subsubsection.2.2.10}{\376\377\000G\000r\000a\000f\000i\000k}{subsection.2.2}% 18
\BOOKMARK [3][-]{subsubsection.2.2.11}{\376\377\000S\000c\000h\000r\000i\000f\000t\000-\000G\000r\000a\000f\000i\000k\000-\000V\000e\000r\000s\000c\000h\000r\000\344\000n\000k\000u\000n\000g\000e\000n}{subsection.2.2}% 19
\BOOKMARK [3][-]{subsubsection.2.2.12}{\376\377\000S\000c\000a\000n\000s}{subsection.2.2}% 20
\BOOKMARK [2][-]{subsection.2.3}{\376\377\000D\000i\000g\000i\000t\000a\000l\000e\000\040\000P\000l\000a\000k\000a\000t\000s\000a\000m\000m\000l\000u\000n\000g\000e\000n\000\040\000i\000n\000\040\000d\000r\000e\000i\000\040\000M\000u\000s\000e\000e\000n}{section.2}% 21
\BOOKMARK [3][-]{subsubsection.2.3.1}{\376\377\000R\000e\000n\000\351\000\040\000G\000r\000o\000h\000n\000e\000r\000t\000\040\040\023\000\040\000D\000e\000u\000t\000s\000c\000h\000e\000s\000\040\000P\000l\000a\000k\000a\000t\000\040\000M\000u\000s\000e\000u\000m}{subsection.2.3}% 22
\BOOKMARK [3][-]{subsubsection.2.3.2}{\376\377\000A\000n\000n\000a\000\040\000S\000c\000h\000u\000l\000t\000z\000\040\040\023\000\040\000A\000k\000a\000d\000e\000m\000i\000e\000\040\000d\000e\000r\000\040\000K\000\374\000n\000s\000t\000e}{subsection.2.3}% 23
\BOOKMARK [3][-]{subsubsection.2.3.3}{\376\377\000I\000n\000s\000a\000\040\000B\000r\000i\000n\000k\000m\000a\000n\000n\000\040\000u\000n\000d\000\040\000D\000r\000.\000\040\000A\000n\000t\000j\000e\000\040\000S\000c\000h\000m\000i\000d\000t\000\040\040\023\000\040\000M\000u\000s\000e\000u\000m\000\040\000f\000\374\000r\000\040\000K\000u\000n\000s\000t\000\040\000u\000n\000d\000\040\000G\000e\000w\000e\000r\000b\000e\000\040\000H\000a\000m\000b\000u\000r\000g}{subsection.2.3}% 24
\BOOKMARK [1][-]{section.3}{\376\377\000C\000o\000m\000p\000u\000t\000e\000r\000g\000e\000s\000t\000\374\000t\000z\000t\000e\000\040\000E\000r\000s\000c\000h\000l\000i\000e\000\337\000u\000n\000g\000\040\000d\000e\000r\000\040\000P\000l\000a\000k\000a\000t\000s\000a\000m\000m\000l\000u\000n\000g}{}% 25
\BOOKMARK [2][-]{subsection.3.1}{\376\377\000C\000o\000m\000p\000u\000t\000e\000r\000\040\000V\000i\000s\000i\000o\000n\000\040\000u\000n\000d\000\040\000M\000a\000c\000h\000i\000n\000e\000\040\000L\000e\000a\000r\000n\000i\000n\000g}{section.3}% 26
\BOOKMARK [2][-]{subsection.3.2}{\376\377\000D\000i\000e\000\040\000t\000e\000c\000h\000n\000i\000s\000c\000h\000e\000n\000\040\000G\000r\000u\000n\000d\000l\000a\000g\000e\000n}{section.3}% 27
\BOOKMARK [3][-]{subsubsection.3.2.1}{\376\377\000T\000e\000n\000s\000o\000r\000f\000l\000o\000w}{subsection.3.2}% 28
\BOOKMARK [3][-]{subsubsection.3.2.2}{\376\377\000D\000e\000t\000e\000c\000t\000r\000o\000n\0002}{subsection.3.2}% 29
\BOOKMARK [3][-]{subsubsection.3.2.3}{\376\377\000T\000e\000s\000s\000e\000r\000a\000c\000t}{subsection.3.2}% 30
\BOOKMARK [3][-]{subsubsection.3.2.4}{\376\377\000D\000a\000t\000e\000n\000s\000\344\000t\000z\000e}{subsection.3.2}% 31
\BOOKMARK [2][-]{subsection.3.3}{\376\377\000E\000r\000s\000t\000e\000l\000l\000u\000n\000g\000\040\000v\000o\000n\000\040\000D\000a\000t\000e\000n\000s\000\344\000t\000z\000e\000n\000\040\000a\000u\000s\000\040\000d\000e\000r\000\040\000B\000a\000y\000r\000e\000u\000t\000h\000e\000r\000\040\000P\000l\000a\000k\000a\000t\000s\000a\000m\000m\000l\000u\000n\000g}{section.3}% 32
\BOOKMARK [3][-]{subsubsection.3.3.1}{\376\377\000L\000a\000b\000e\000l\000m\000e}{subsection.3.3}% 33
\BOOKMARK [2][-]{subsection.3.4}{\376\377\000I\000m\000a\000g\000e\000\040\000C\000l\000u\000s\000t\000e\000r\000i\000n\000g}{section.3}% 34
\BOOKMARK [3][-]{subsubsection.3.4.1}{\376\377\000T\000e\000n\000s\000o\000r\000f\000l\000o\000w\000\040\000T\000r\000a\000i\000n\000i\000n\000g}{subsection.3.4}% 35
\BOOKMARK [3][-]{subsubsection.3.4.2}{\376\377\000V\000e\000r\000g\000l\000e\000i\000c\000h\000\040\000d\000e\000r\000\040\000E\000r\000g\000e\000b\000n\000i\000s\000s\000e}{subsection.3.4}% 36
\BOOKMARK [2][-]{subsection.3.5}{\376\377\000O\000b\000j\000e\000k\000t\000e\000r\000k\000e\000n\000n\000u\000n\000g\000\040\000a\000u\000f\000\040\000P\000l\000a\000k\000a\000t\000e\000n}{section.3}% 37
\BOOKMARK [3][-]{subsubsection.3.5.1}{\376\377\000d\000e\000t\000e\000c\000t\000r\000o\000n\0002\000\040\000T\000r\000a\000i\000n\000i\000n\000g}{subsection.3.5}% 38
\BOOKMARK [3][-]{subsubsection.3.5.2}{\376\377\000V\000e\000r\000g\000l\000e\000i\000c\000h\000\040\000d\000e\000r\000\040\000E\000r\000g\000e\000b\000n\000i\000s\000s\000e}{subsection.3.5}% 39
\BOOKMARK [2][-]{subsection.3.6}{\376\377\000G\000e\000n\000e\000r\000i\000e\000r\000u\000n\000g\000\040\000v\000o\000n\000\040\000m\000\366\000g\000l\000i\000c\000h\000e\000n\000\040\000L\000a\000b\000e\000l\000n}{section.3}% 40
\BOOKMARK [3][-]{subsubsection.3.6.1}{\376\377\000V\000e\000r\000g\000l\000e\000i\000c\000h\000\040\000d\000e\000r\000\040\000E\000r\000g\000e\000b\000n\000i\000s\000s\000e}{subsection.3.6}% 41
\BOOKMARK [1][-]{section.4}{\376\377\000K\000o\000n\000k\000l\000u\000s\000i\000o\000n}{}% 42
\BOOKMARK [1][-]{section.5}{\376\377\000A\000b\000b\000i\000l\000d\000u\000n\000g\000e\000n}{}% 43
\BOOKMARK [1][-]{section.6}{\376\377\000A\000n\000l\000a\000g\000e\000n}{}% 44
\BOOKMARK [2][-]{subsection.6.1}{\376\377\000F\000r\000a\000g\000e\000b\000o\000g\000e\000n\000:\000\040\000F\000r\000a\000g\000e\000n\000\040\000b\000e\000z\000\374\000g\000l\000i\000c\000h\000\040\000d\000e\000r\000\040\000D\000i\000g\000i\000t\000a\000l\000i\000s\000i\000e\000r\000u\000n\000g}{section.6}% 45
\BOOKMARK [1][-]{section.7}{\376\377\000L\000i\000t\000e\000r\000a\000t\000u\000r\000v\000e\000r\000z\000e\000i\000c\000h\000n\000i\000s}{}% 46
\BOOKMARK [2][-]{subsection.7.1}{\376\377\000L\000i\000n\000k\000s}{section.7}% 47
\BOOKMARK [2][-]{subsection.7.2}{\376\377\000L\000i\000t\000e\000r\000a\000t\000u\000r}{section.7}% 48
